<?xml version="1.0" encoding="UTF-8"?>
<!-- Generated by org.testng.reporters.JUnitReportReporter -->
<testsuite skipped="0" hostname="shapan-HP" name="com.inetBanking.Testcase.TC_logintest_001" tests="1" failures="0" timestamp="2020-05-10T22:31:57 EDT" time="1.605" errors="0">
  <testcase name="logintest" time="1.605" classname="com.inetBanking.Testcase.TC_logintest_001"/>
  <system-out/>
</testsuite> <!-- com.inetBanking.Testcase.TC_logintest_001 -->
