<?xml version="1.0" encoding="UTF-8"?>
<!-- Generated by org.testng.reporters.JUnitReportReporter -->
<testsuite skipped="0" hostname="shapan-HP" name="com.inetBanking.Testdata.TC_logintest_001" tests="1" failures="0" timestamp="2020-05-08T04:30:39 EDT" time="4.370" errors="0">
  <testcase name="logintest" time="4.370" classname="com.inetBanking.Testdata.TC_logintest_001"/>
  <system-out/>
</testsuite> <!-- com.inetBanking.Testdata.TC_logintest_001 -->
