<?xml version="1.0" encoding="UTF-8"?>
<!-- Generated by org.testng.reporters.JUnitReportReporter -->
<testsuite skipped="0" hostname="shapan-HP" name="com.inetBanking.Testcase.TC_logintest_001" tests="1" failures="0" timestamp="2020-07-10T03:10:50 EDT" time="1.184" errors="0">
  <testcase name="logintest" time="1.184" classname="com.inetBanking.Testcase.TC_logintest_001"/>
  <system-out/>
</testsuite> <!-- com.inetBanking.Testcase.TC_logintest_001 -->
