<?xml version="1.0" encoding="UTF-8"?>
<!-- Generated by org.testng.reporters.JUnitReportReporter -->
<testsuite skipped="0" hostname="shapan-HP" name="com.inetBanking.Testcase.TC_Addcustomer_003" tests="1" failures="0" timestamp="2020-07-10T03:10:50 EDT" time="9.355" errors="0">
  <testcase name="addingCustomer" time="9.355" classname="com.inetBanking.Testcase.TC_Addcustomer_003"/>
  <system-out/>
</testsuite> <!-- com.inetBanking.Testcase.TC_Addcustomer_003 -->
