<?xml version="1.0" encoding="UTF-8"?>
<!-- Generated by org.testng.reporters.JUnitReportReporter -->
<testsuite skipped="0" hostname="shapan-HP" name="com.inetBanking.Testcase.Demo" tests="1" failures="0" timestamp="2020-12-07T21:14:39 EST" time="4.974" errors="0">
  <testcase name="demo1" time="4.974" classname="com.inetBanking.Testcase.Demo"/>
  <system-out/>
</testsuite> <!-- com.inetBanking.Testcase.Demo -->
