<?xml version="1.0" encoding="UTF-8"?>
<!-- Generated by org.testng.reporters.JUnitReportReporter -->
<testsuite skipped="0" hostname="shapan-HP" name="com.inetBanking.Testcase.TC_Addcustomer_003" tests="1" failures="0" timestamp="2020-05-10T22:36:23 EDT" time="12.313" errors="0">
  <testcase name="addingCustomer" time="12.313" classname="com.inetBanking.Testcase.TC_Addcustomer_003"/>
  <system-out/>
</testsuite> <!-- com.inetBanking.Testcase.TC_Addcustomer_003 -->
