<?xml version="1.0" encoding="UTF-8"?>
<!-- Generated by org.testng.reporters.JUnitReportReporter -->
<testsuite skipped="0" hostname="shapan-HP" name="com.inetBanking.Testcase.TC_logintest_001" tests="1" failures="0" timestamp="2020-12-08T13:57:23 EST" time="3.616" errors="0">
  <testcase name="logintest" time="3.616" classname="com.inetBanking.Testcase.TC_logintest_001"/>
  <system-out/>
</testsuite> <!-- com.inetBanking.Testcase.TC_logintest_001 -->
